<?xml version="1.0" encoding="UTF-8"?>
<!-- Generated by org.testng.reporters.JUnitReportReporter -->
<testsuite skipped="0" hostname="SHUJPAN-UK17S" name="test.demo.TestHelloworld" tests="1" failures="0" timestamp="19 七月 2018 10:00:11 GMT" time="0.006" errors="0">
  <testcase name="testEmailGenerator" time="0.006" classname="test.demo.TestHelloworld"/>
</testsuite> <!-- test.demo.TestHelloworld -->
